[INFO] Scanning for projects...
[INFO] 
[INFO] ---------------< com.example:IntegrationProjectBackend >----------------
[INFO] Building IntegrationProjectBackend 0.0.1-SNAPSHOT
[INFO]   from pom.xml
[INFO] --------------------------------[ jar ]---------------------------------
[INFO] 
[INFO] --- clean:3.3.2:clean (default-clean) @ IntegrationProjectBackend ---
[INFO] Deleting c:\Users\firas\Desktop\IntegrationProject\IntegrationProjectBackend\target
[INFO] 
[INFO] --- resources:3.3.1:resources (default-resources) @ IntegrationProjectBackend ---
[INFO] Copying 1 resource from src\main\resources to target\classes
[INFO] Copying 0 resource from src\main\resources to target\classes
[INFO] 
[INFO] --- compiler:3.13.0:compile (default-compile) @ IntegrationProjectBackend ---
[INFO] Recompiling the module because of changed source code.
[INFO] Compiling 37 source files with javac [debug parameters release 21] to target\classes
[INFO] -------------------------------------------------------------
[ERROR] COMPILATION ERROR : 
[INFO] -------------------------------------------------------------
[ERROR] /c:/Users/firas/Desktop/IntegrationProject/IntegrationProjectBackend/src/main/java/com/example/IntegrationProjectBackend/controllers/QuizController.java:[5,54] cannot find symbol
  symbol:   class AIQuizService
  location: package com.example.IntegrationProjectBackend.services
[INFO] 1 error
[INFO] -------------------------------------------------------------
[INFO] ------------------------------------------------------------------------
[INFO] BUILD FAILURE
[INFO] ------------------------------------------------------------------------
[INFO] Total time:  4.166 s
[INFO] Finished at: 2025-11-11T22:28:40+01:00
[INFO] ------------------------------------------------------------------------
[ERROR] Failed to execute goal org.apache.maven.plugins:maven-compiler-plugin:3.13.0:compile (default-compile) on project IntegrationProjectBackend: Compilation failure
[ERROR] /c:/Users/firas/Desktop/IntegrationProject/IntegrationProjectBackend/src/main/java/com/example/IntegrationProjectBackend/controllers/QuizController.java:[5,54] cannot find symbol
[ERROR]   symbol:   class AIQuizService
[ERROR]   location: package com.example.IntegrationProjectBackend.services
[ERROR] 
[ERROR] -> [Help 1]
[ERROR] 
[ERROR] To see the full stack trace of the errors, re-run Maven with the -e switch.
[ERROR] Re-run Maven using the -X switch to enable full debug logging.
[ERROR] 
[ERROR] For more information about the errors and possible solutions, please read the following articles:
[ERROR] [Help 1] http://cwiki.apache.org/confluence/display/MAVEN/MojoFailureException
